<?xml version="1.0" encoding="UTF-8"?>
<!-- Generated by org.testng.reporters.JUnitXMLReporter -->
<testsuite hostname="MEXMON715L" ignored="0" name="Test" tests="1" failures="1" timestamp="16 Aug 2018 21:00:09 GMT" time="0.205" errors="0">
  <testcase name="testUnit" time="0.031" classname="unitTestPackage.UnitTest">
    <failure type="java.lang.AssertionError" message="expected [true] but found [false]">
      <![CDATA[java.lang.AssertionError: expected [true] but found [false]
at unitTestPackage.UnitTest.testUnit(UnitTest.java:44)
... Removed 29 stack frames]]>
    </failure>
  </testcase> <!-- testUnit -->
</testsuite> <!-- Test -->
