<?xml version="1.0" encoding="UTF-8"?>
<testng-results skipped="0" failed="0" ignored="0" total="1" passed="1">
  <reporter-output>
  </reporter-output>
  <suite name="Surefire suite" duration-ms="285" started-at="2018-08-21T15:18:01Z" finished-at="2018-08-21T15:18:02Z">
    <groups>
    </groups>
    <test name="Surefire test" duration-ms="285" started-at="2018-08-21T15:18:01Z" finished-at="2018-08-21T15:18:02Z">
      <class name="unitTestPackage.UnitTest">
        <test-method status="PASS" signature="testUnit() throws java.io.IOException,javax.servlet.ServletException" name="testUnit" duration-ms="174" started-at="2018-08-21T15:18:02Z" finished-at="2018-08-21T15:18:02Z">
          <reporter-output>
          </reporter-output>
        </test-method> <!-- testUnit -->
      </class> <!-- unitTestPackage.UnitTest -->
    </test> <!-- Surefire test -->
  </suite> <!-- Surefire suite -->
</testng-results>
